TID: [-1234] [2023-01-13 10:38:46,265]  INFO {AUDIT_LOG} - Initiator=wso2.system.user Action=Get-User-Claim-Values Target=admin Data={"Claims":{},"Profile":"default"} Outcome=Success
TID: [-1234] [2023-01-13 10:38:46,289]  INFO {AUDIT_LOG} - 'admin@carbon.super [-1234]' logged in at [2023-01-13 10:38:46,288+0000]
TID: [-1234] [2023-01-13 10:38:46,339]  INFO {AUDIT_LOG} - Initiator=wso2.system.user Action=Get-User-Claim-Values Target=admin Data={"Claims":{},"Profile":"default"} Outcome=Success
TID: [-1234] [2023-01-13 10:38:46,685]  INFO {AUDIT_LOG} - Initiator=wso2.system.user Action=Get-User-Claim-Values Target=admin Data={"Claims":{},"Profile":"default"} Outcome=Success
TID: [-1234] [2023-01-13 10:38:46,689]  INFO {AUDIT_LOG} - Initiator=wso2.system.user Action=Get-User-Claim-Values Target=admin Data={"Claims":{},"Profile":"default"} Outcome=Success
TID: [-1234] [2023-01-13 10:38:46,690]  INFO {AUDIT_LOG} - Initiator=wso2.system.user Action=Get-User-Claim-Values Target=admin Data={"Claims":{},"Profile":"default"} Outcome=Success
TID: [-1234] [2023-01-13 10:38:46,713]  INFO {AUDIT_LOG} - Initiator=wso2.system.user Action=Get-User-Claim-Values Target=admin Data={"Claims":{},"Profile":"default"} Outcome=Success
TID: [-1234] [2023-01-13 10:38:46,722]  INFO {AUDIT_LOG} - Initiator=wso2.system.user Action=Get-User-Claim-Values Target=admin Data={"Claims":{},"Profile":"default"} Outcome=Success
TID: [-1234] [2023-01-13 10:38:46,739]  INFO {AUDIT_LOG} - Initiator=wso2.system.user Action=Get-User-Claim-Values Target=admin Data={"Claims":{},"Profile":"default"} Outcome=Success
TID: [-1234] [2023-01-13 10:38:46,753]  INFO {AUDIT_LOG} - Initiator=wso2.system.user Action=Get-User-Claim-Values Target=admin Data={"Claims":{},"Profile":"default"} Outcome=Success
TID: [-1234] [2023-01-13 10:38:46,881]  INFO {AUDIT_LOG} - Initiator=wso2.system.user Action=Get-User-Claim-Values Target=admin Data={"Claims":{},"Profile":"default"} Outcome=Success
TID: [-1234] [2023-01-13 10:38:46,886]  INFO {AUDIT_LOG} - 'admin@carbon.super [-1234]' logged in at [2023-01-13 10:38:46,884+0000]
TID: [-1234] [2023-01-13 10:38:47,031]  INFO {AUDIT_LOG} - Initiator=wso2.system.user Action=Get-User-Claim-Values Target=admin Data={"Claims":{},"Profile":"default"} Outcome=Success
TID: [-1234] [2023-01-13 10:38:47,034]  INFO {AUDIT_LOG} - 'admin@carbon.super [-1234]' logged in at [2023-01-13 10:38:47,033+0000]
TID: [-1234] [2023-01-13 10:38:47,588]  INFO {AUDIT_LOG} - Initiator=wso2.system.user Action=Get-User-Claim-Values Target=admin Data={"Claims":{},"Profile":"default"} Outcome=Success
TID: [-1234] [2023-01-13 10:38:47,593]  INFO {AUDIT_LOG} - 'admin@carbon.super [-1234]' logged in at [2023-01-13 10:38:47,593+0000]
TID: [-1234] [2023-01-13 10:38:47,960]  INFO {AUDIT_LOG} - Initiator=wso2.system.user Action=Get-User-Claim-Values Target=admin Data={"Claims":{},"Profile":"default"} Outcome=Success
TID: [-1234] [2023-01-13 10:38:47,963]  INFO {AUDIT_LOG} - 'admin@carbon.super [-1234]' logged in at [2023-01-13 10:38:47,962+0000]
TID: [-1234] [2023-01-13 10:38:48,178]  INFO {AUDIT_LOG} - Initiator=wso2.system.user Action=Get-User-Claim-Values Target=admin Data={"Claims":{},"Profile":"default"} Outcome=Success
TID: [-1234] [2023-01-13 10:38:48,181]  INFO {AUDIT_LOG} - 'admin@carbon.super [-1234]' logged in at [2023-01-13 10:38:48,181+0000]
TID: [-1234] [2023-01-13 10:38:48,414]  INFO {AUDIT_LOG} - Initiator=wso2.system.user Action=Get-User-Claim-Values Target=admin Data={"Claims":{},"Profile":"default"} Outcome=Success
TID: [-1234] [2023-01-13 10:38:48,420]  INFO {AUDIT_LOG} - 'admin@carbon.super [-1234]' logged in at [2023-01-13 10:38:48,420+0000]
TID: [-1234] [2023-01-13 10:38:48,556]  INFO {AUDIT_LOG} - Initiator=wso2.system.user Action=Get-User-Claim-Values Target=admin Data={"Claims":{},"Profile":"default"} Outcome=Success
TID: [-1234] [2023-01-13 10:38:48,559]  INFO {AUDIT_LOG} - 'admin@carbon.super [-1234]' logged in at [2023-01-13 10:38:48,558+0000]
TID: [-1234] [2023-01-13 10:38:48,753]  INFO {AUDIT_LOG} - Initiator=wso2.system.user Action=Get-User-Claim-Values Target=admin Data={"Claims":{},"Profile":"default"} Outcome=Success
TID: [-1234] [2023-01-13 10:38:48,756]  INFO {AUDIT_LOG} - 'admin@carbon.super [-1234]' logged in at [2023-01-13 10:38:48,756+0000]
TID: [-1234] [2023-01-13 10:38:48,952]  INFO {AUDIT_LOG} - Initiator=wso2.system.user Action=Get-User-Claim-Values Target=admin Data={"Claims":{},"Profile":"default"} Outcome=Success
TID: [-1234] [2023-01-13 10:38:48,955]  INFO {AUDIT_LOG} - 'admin@carbon.super [-1234]' logged in at [2023-01-13 10:38:48,955+0000]
TID: [-1234] [2023-01-13 11:01:31,654]  INFO {AUDIT_LOG} - Initiator=wso2.system.user Action=Get-User-Claim-Values Target=admin Data={"Claims":{},"Profile":"default"} Outcome=Success
TID: [-1234] [2023-01-13 11:01:31,656]  INFO {AUDIT_LOG} - Initiator : admin | Action : LoginStepSuccess | Target : ApplicationAuthenticationFramework | Data : { "ContextIdentifier" : "f08637c9-2dc1-42b8-8ec5-97b57c672178","AuthenticatedUser" : "admin","AuthenticatedUserTenantDomain" : "carbon.super","ServiceProviderName" : "apim_devportal","RequestType" : "oidc","RelyingParty" : "ffcxeZlTtBMjZQjv9XcgafEB_Sga","AuthenticatedIdP" : "LOCAL" } | Result : Success 
TID: [-1234] [2023-01-13 11:01:31,659]  INFO {AUDIT_LOG} - Initiator=wso2.system.user Action=Get-User-List Target=null Data={"Claim Value":"6ae4a789-a9eb-439c-85f3-f57a7c0f0b87","Users":["admin"],"Claim":"http://wso2.org/claims/userid"} Outcome=Success
TID: [-1234] [2023-01-13 11:01:31,661]  INFO {AUDIT_LOG} - Initiator=wso2.system.user Action=Get-Roles-of-User Target=admin Data={"Filter":"*","Roles":["Internal/subscriber","Internal/creator","Application/apim_devportal","Internal/publisher","Internal/everyone","Internal/devops","Application/apim_admin_portal","admin","Internal/analytics","Application/apim_publisher"]} Outcome=Success
TID: [-1234] [2023-01-13 11:01:31,662]  INFO {AUDIT_LOG} - Initiator=wso2.system.user Action=Get-User-Claim-Values Target=admin Data={"Claims":{"http://wso2.org/claims/username":"admin","http://wso2.org/claims/userid":"6ae4a789-a9eb-439c-85f3-f57a7c0f0b87","http://wso2.org/claims/role":"Internal/subscriber,Internal/creator,Application/apim_devportal,Internal/publisher,Internal/everyone,Internal/devops,Application/apim_admin_portal,admin,Internal/analytics,Application/apim_publisher","http://wso2.org/claims/userprincipal":"admin"}} Outcome=Success
TID: [-1234] [2023-01-13 11:01:31,671]  INFO {AUDIT_LOG} - Initiator : admin | Action : Login | Target : ApplicationAuthenticationFramework | Data : { "ContextIdentifier" : "f08637c9-2dc1-42b8-8ec5-97b57c672178","AuthenticatedUser" : "admin","AuthenticatedUserTenantDomain" : "carbon.super","ServiceProviderName" : "apim_devportal","RequestType" : "oidc","RelyingParty" : "ffcxeZlTtBMjZQjv9XcgafEB_Sga","AuthenticatedIdPs" : "eyJ0eXAiOiJKV1QiLCAiYWxnIjoiSFMyNTYifQ==.eyJpc3MiOiJ3c28yIiwiZXhwIjoxNjczNjA3NjkxNjU3MzAwMCwiaWF0IjoxNjczNjA3NjkxNjU3LCJpZHBzIjpbeyJpZHAiOiJMT0NBTCIsImF1dGhlbnRpY2F0b3IiOiJCYXNpY0F1dGhlbnRpY2F0b3IifV19.87jTtVJ6lFEc4GG5U1Cv+/wKalY=" } | Result : Success 
TID: [-1234] [2023-01-13 11:01:34,527]  INFO {AUDIT_LOG} - Initiator=wso2.system.user Action=Get-User-List Target=null Data={"Claim Value":"6ae4a789-a9eb-439c-85f3-f57a7c0f0b87","Users":["admin"],"Claim":"http://wso2.org/claims/userid"} Outcome=Success
TID: [-1234] [2023-01-13 11:01:34,527]  INFO {AUDIT_LOG} - Initiator=wso2.system.user Action=Get-User-Claim-Values Target=admin Data={"Claims":{"http://wso2.org/claims/username":"admin","http://wso2.org/claims/userid":"6ae4a789-a9eb-439c-85f3-f57a7c0f0b87","http://wso2.org/claims/role":"Internal/subscriber,Internal/creator,Application/apim_devportal,Internal/publisher,Internal/everyone,Internal/devops,Application/apim_admin_portal,admin,Internal/analytics,Application/apim_publisher","http://wso2.org/claims/userprincipal":"admin"}} Outcome=Success
TID: [-1234] [2023-01-13 11:01:34,530]  INFO {AUDIT_LOG} - Initiator : admin | Action : Login | Target : ApplicationAuthenticationFramework | Data : { "ContextIdentifier" : "300ecc14-edc1-48a7-bcdf-4c0021877b33","AuthenticatedUser" : "admin","AuthenticatedUserTenantDomain" : "carbon.super","ServiceProviderName" : "apim_devportal","RequestType" : "oidc","RelyingParty" : "ffcxeZlTtBMjZQjv9XcgafEB_Sga","AuthenticatedIdPs" : "eyJ0eXAiOiJKV1QiLCAiYWxnIjoiSFMyNTYifQ==.eyJpc3MiOiJ3c28yIiwiZXhwIjoxNjczNjA3Njk0NTI0MzAwMCwiaWF0IjoxNjczNjA3Njk0NTI0LCJpZHBzIjpbeyJpZHAiOiJMT0NBTCIsImF1dGhlbnRpY2F0b3IiOiJCYXNpY0F1dGhlbnRpY2F0b3IifV19.UcMEzUkPzfb6mP1iP05HQE7pV70=" } | Result : Success 
TID: [-1234] [2023-01-13 11:01:34,994]  INFO {AUDIT_LOG} - Initiator=wso2.system.user Action=Get-User-Claim-Values Target=admin Data={"Claims":{},"Profile":"default"} Outcome=Success
TID: [-1234] [2023-01-13 11:01:36,194]  INFO {AUDIT_LOG} - Initiator=wso2.system.user Action=Get-User-Claim-Values Target=admin Data={"Claims":{},"Profile":"default"} Outcome=Success
TID: [-1234] [2023-01-13 11:23:40,439]  INFO {AUDIT_LOG} - Initiator=admin@carbon.super Action=Get-Roles-of-User Target=admin Data={"Filter":"*","Roles":["Internal/subscriber","Internal/creator","Application/apim_devportal","Internal/publisher","Internal/everyone","Internal/devops","Application/apim_admin_portal","admin","Internal/analytics","Application/apim_publisher"]} Outcome=Success
TID: [-1234] [2023-01-13 11:34:53,722]  INFO {AUDIT_LOG} - Initiator=admin@carbon.super Action=Get-Roles-of-User Target=admin Data={"Filter":"*","Roles":["Internal/subscriber","Internal/creator","Application/apim_devportal","Internal/publisher","Internal/everyone","Internal/devops","Application/apim_admin_portal","admin","Internal/analytics","Application/apim_publisher"]} Outcome=Success
TID: [-1234] [2023-01-13 12:52:21,728]  INFO {AUDIT_LOG} - Initiator=wso2.system.user Action=Get-User-Claim-Values Target=admin Data={"Claims":{},"Profile":"default"} Outcome=Success
TID: [-1234] [2023-01-13 12:52:21,899]  INFO {AUDIT_LOG} - Initiator=wso2.system.user Action=Get-User-Claim-Values Target=admin Data={"Claims":{},"Profile":"default"} Outcome=Success
TID: [-1234] [2023-01-13 12:52:21,920]  INFO {AUDIT_LOG} - Initiator=wso2.system.user Action=Get-Roles-of-User Target=admin Data={"Filter":"*","Roles":["Internal/subscriber","Internal/creator","Application/apim_devportal","Internal/publisher","Internal/everyone","Internal/devops","Application/apim_admin_portal","admin","Internal/analytics","Application/apim_publisher"]} Outcome=Success
TID: [-1234] [2023-01-13 13:25:45,912]  INFO {AUDIT_LOG} - Initiator=admin@carbon.super Action=Get-Roles-of-User Target=admin Data={"Filter":"*","Roles":["Internal/subscriber","Internal/creator","Application/apim_devportal","Internal/publisher","Internal/everyone","Internal/devops","Application/apim_admin_portal","admin","Internal/analytics","Application/apim_publisher"]} Outcome=Success
TID: [-1234] [2023-01-13 13:44:44,184]  INFO {AUDIT_LOG} - Initiator=admin@carbon.super Action=Get-Roles-of-User Target=admin Data={"Filter":"*","Roles":["Internal/subscriber","Internal/creator","Application/apim_devportal","Internal/publisher","Internal/everyone","Internal/devops","Application/apim_admin_portal","admin","Internal/analytics","Application/apim_publisher"]} Outcome=Success
TID: [-1234] [2023-01-13 13:44:44,189]  INFO {AUDIT_LOG} - Initiator=admin@carbon.super Action=Get-Roles-of-User Target=admin Data={"Filter":"*","Roles":["Internal/subscriber","Internal/creator","Application/apim_devportal","Internal/publisher","Internal/everyone","Internal/devops","Application/apim_admin_portal","admin","Internal/analytics","Application/apim_publisher"]} Outcome=Success
TID: [-1234] [2023-01-13 13:50:18,717]  INFO {AUDIT_LOG} - Initiator=wso2.system.user Action=Get-User-Claim-Values Target=admin Data={"Claims":{},"Profile":"default"} Outcome=Success
TID: [-1234] [2023-01-13 13:50:18,761]  INFO {AUDIT_LOG} - Initiator=wso2.system.user Action=Get-User-Claim-Values Target=admin Data={"Claims":{},"Profile":"default"} Outcome=Success
TID: [-1234] [2023-01-13 13:50:18,856]  INFO {AUDIT_LOG} - Initiator=wso2.system.user Action=Get-User-Claim-Values Target=admin Data={"Claims":{},"Profile":"default"} Outcome=Success
TID: [-1234] [2023-01-13 13:50:18,866]  INFO {AUDIT_LOG} - Initiator=wso2.system.user Action=Get-User-Claim-Values Target=admin Data={"Claims":{},"Profile":"default"} Outcome=Success
TID: [-1234] [2023-01-13 13:50:18,864]  INFO {AUDIT_LOG} - Initiator=wso2.system.user Action=Get-User-Claim-Values Target=admin Data={"Claims":{},"Profile":"default"} Outcome=Success
TID: [-1234] [2023-01-13 13:50:18,860]  INFO {AUDIT_LOG} - Initiator=wso2.system.user Action=Get-User-Claim-Values Target=admin Data={"Claims":{},"Profile":"default"} Outcome=Success
TID: [-1234] [2023-01-13 13:50:18,927]  INFO {AUDIT_LOG} - Initiator=wso2.system.user Action=Get-User-Claim-Values Target=admin Data={"Claims":{},"Profile":"default"} Outcome=Success
TID: [-1234] [2023-01-13 13:50:18,943]  INFO {AUDIT_LOG} - Initiator=wso2.system.user Action=Get-User-Claim-Values Target=admin Data={"Claims":{},"Profile":"default"} Outcome=Success
TID: [-1234] [2023-01-13 13:56:37,893]  INFO {AUDIT_LOG} - Initiator=wso2.system.user Action=Get-User-Claim-Values Target=admin Data={"Claims":{},"Profile":"default"} Outcome=Success
TID: [-1234] [2023-01-13 13:56:37,929]  INFO {AUDIT_LOG} - Initiator=wso2.system.user Action=Get-User-Claim-Values Target=admin Data={"Claims":{},"Profile":"default"} Outcome=Success
TID: [-1234] [2023-01-13 13:56:37,947]  INFO {AUDIT_LOG} - Initiator=wso2.system.user Action=Get-Roles-of-User Target=admin Data={"Filter":"*","Roles":["Internal/subscriber","Internal/creator","Application/apim_devportal","Internal/publisher","Internal/everyone","Internal/devops","Application/apim_admin_portal","admin","Internal/analytics","Application/apim_publisher"]} Outcome=Success
TID: [-1234] [2023-01-13 14:09:17,785]  INFO {AUDIT_LOG} - Initiator=wso2.system.user Action=Get-User-Claim-Values Target=admin Data={"Claims":{},"Profile":"default"} Outcome=Success
TID: [-1234] [2023-01-13 14:09:17,787]  INFO {AUDIT_LOG} - Initiator : admin | Action : LoginStepSuccess | Target : ApplicationAuthenticationFramework | Data : { "ContextIdentifier" : "6bc33c07-f464-4e05-a86e-aaa658d60dd1","AuthenticatedUser" : "admin","AuthenticatedUserTenantDomain" : "carbon.super","ServiceProviderName" : "apim_publisher","RequestType" : "oidc","RelyingParty" : "mFJ_Q4xBhdN03bANhgefrwCSHc8a","AuthenticatedIdP" : "LOCAL" } | Result : Success 
TID: [-1234] [2023-01-13 14:09:17,793]  INFO {AUDIT_LOG} - Initiator=wso2.system.user Action=Get-User-List Target=null Data={"Claim Value":"6ae4a789-a9eb-439c-85f3-f57a7c0f0b87","Users":["admin"],"Claim":"http://wso2.org/claims/userid"} Outcome=Success
TID: [-1234] [2023-01-13 14:09:17,794]  INFO {AUDIT_LOG} - Initiator=wso2.system.user Action=Get-Roles-of-User Target=admin Data={"Filter":"*","Roles":["Internal/subscriber","Internal/creator","Application/apim_devportal","Internal/publisher","Internal/everyone","Internal/devops","Application/apim_admin_portal","admin","Internal/analytics","Application/apim_publisher"]} Outcome=Success
TID: [-1234] [2023-01-13 14:09:17,794]  INFO {AUDIT_LOG} - Initiator=wso2.system.user Action=Get-User-Claim-Values Target=admin Data={"Claims":{"http://wso2.org/claims/username":"admin","http://wso2.org/claims/userid":"6ae4a789-a9eb-439c-85f3-f57a7c0f0b87","http://wso2.org/claims/role":"Internal/subscriber,Internal/creator,Application/apim_devportal,Internal/publisher,Internal/everyone,Internal/devops,Application/apim_admin_portal,admin,Internal/analytics,Application/apim_publisher","http://wso2.org/claims/userprincipal":"admin"}} Outcome=Success
TID: [-1234] [2023-01-13 14:09:17,807]  INFO {AUDIT_LOG} - Initiator : admin | Action : Login | Target : ApplicationAuthenticationFramework | Data : { "ContextIdentifier" : "6bc33c07-f464-4e05-a86e-aaa658d60dd1","AuthenticatedUser" : "admin","AuthenticatedUserTenantDomain" : "carbon.super","ServiceProviderName" : "apim_publisher","RequestType" : "oidc","RelyingParty" : "mFJ_Q4xBhdN03bANhgefrwCSHc8a","AuthenticatedIdPs" : "eyJ0eXAiOiJKV1QiLCAiYWxnIjoiSFMyNTYifQ==.eyJpc3MiOiJ3c28yIiwiZXhwIjoxNjczNjE4OTU3Nzg4MzAwMCwiaWF0IjoxNjczNjE4OTU3Nzg4LCJpZHBzIjpbeyJpZHAiOiJMT0NBTCIsImF1dGhlbnRpY2F0b3IiOiJCYXNpY0F1dGhlbnRpY2F0b3IifV19.s/FWi3kID5XJqSAzaVahR6dKV3I=" } | Result : Success 
TID: [-1234] [2023-01-13 14:09:18,915]  INFO {AUDIT_LOG} - Initiator=wso2.system.user Action=Get-User-Claim-Values Target=admin Data={"Claims":{},"Profile":"default"} Outcome=Success
TID: [-1234] [2023-01-13 14:09:43,136]  INFO {AUDIT_LOG} - Initiator=wso2.system.user Action=Get-User-Claim-Values Target=admin Data={"Claims":{},"Profile":"default"} Outcome=Success
TID: [-1234] [2023-01-13 14:10:14,949]  INFO {AUDIT_LOG} - Initiator=wso2.system.user Action=Get-User-Claim-Values Target=admin Data={"Claims":{},"Profile":"default"} Outcome=Success
TID: [-1234] [2023-01-13 14:10:14,955]  INFO {AUDIT_LOG} - 'admin@carbon.super [-1234]' logged in at [2023-01-13 14:10:14,952+0000]
TID: [-1234] [2023-01-13 14:10:15,214]  INFO {AUDIT_LOG} - {"performedBy":"admin","action":"updated","typ":"API","info":"{\"provider\":\"admin\",\"name\":\"CompaniesHouseIdentityService\",\"context\":\"\\\/CompaniesHouseIdentityService\\\/1.0\",\"version\":\"1.0\"}"}
TID: [-1234] [2023-01-13 14:10:15,244]  INFO {AUDIT_LOG} - Initiator=wso2.system.user Action=Get-User-Claim-Values Target=admin Data={"Claims":{},"Profile":"default"} Outcome=Success
TID: [-1234] [2023-01-13 14:10:15,249]  INFO {AUDIT_LOG} - 'admin@carbon.super [-1234]' logged in at [2023-01-13 14:10:15,247+0000]
TID: [-1234] [2023-01-13 14:10:15,322]  INFO {AUDIT_LOG} - Initiator=wso2.system.user Action=Get-User-Claim-Values Target=admin Data={"Claims":{},"Profile":"default"} Outcome=Success
TID: [-1234] [2023-01-13 14:10:15,409]  INFO {AUDIT_LOG} - Initiator=wso2.system.user Action=Get-User-Claim-Values Target=admin Data={"Claims":{},"Profile":"default"} Outcome=Success
TID: [-1234] [2023-01-13 14:10:15,434]  INFO {AUDIT_LOG} - Initiator=wso2.system.user Action=Get-User-Claim-Values Target=admin Data={"Claims":{},"Profile":"default"} Outcome=Success
TID: [-1234] [2023-01-13 14:10:15,445]  INFO {AUDIT_LOG} - 'admin@carbon.super [-1234]' logged in at [2023-01-13 14:10:15,440+0000]
TID: [-1234] [2023-01-13 14:10:15,625]  INFO {AUDIT_LOG} - Initiator=wso2.system.user Action=Get-User-Claim-Values Target=admin Data={"Claims":{},"Profile":"default"} Outcome=Success
TID: [-1234] [2023-01-13 14:10:15,629]  INFO {AUDIT_LOG} - 'admin@carbon.super [-1234]' logged in at [2023-01-13 14:10:15,628+0000]
TID: [-1234] [2023-01-13 14:10:16,540]  INFO {AUDIT_LOG} - Initiator=wso2.system.user Action=Get-User-Claim-Values Target=admin Data={"Claims":{},"Profile":"default"} Outcome=Success
TID: [-1234] [2023-01-13 14:10:25,342]  INFO {AUDIT_LOG} - Initiator=wso2.system.user Action=Get-User-List Target=null Data={"Claim Value":"6ae4a789-a9eb-439c-85f3-f57a7c0f0b87","Users":["admin"],"Claim":"http://wso2.org/claims/userid"} Outcome=Success
TID: [-1234] [2023-01-13 14:10:25,342]  INFO {AUDIT_LOG} - Initiator=wso2.system.user Action=Get-User-Claim-Values Target=admin Data={"Claims":{"http://wso2.org/claims/username":"admin","http://wso2.org/claims/userid":"6ae4a789-a9eb-439c-85f3-f57a7c0f0b87","http://wso2.org/claims/role":"Internal/subscriber,Internal/creator,Application/apim_devportal,Internal/publisher,Internal/everyone,Internal/devops,Application/apim_admin_portal,admin,Internal/analytics,Application/apim_publisher","http://wso2.org/claims/userprincipal":"admin"}} Outcome=Success
TID: [-1234] [2023-01-13 14:10:25,346]  INFO {AUDIT_LOG} - Initiator : admin | Action : Login | Target : ApplicationAuthenticationFramework | Data : { "ContextIdentifier" : "1d5a24de-001f-43b5-bab2-6b84d238b1aa","AuthenticatedUser" : "admin","AuthenticatedUserTenantDomain" : "carbon.super","ServiceProviderName" : "apim_devportal","RequestType" : "oidc","RelyingParty" : "ffcxeZlTtBMjZQjv9XcgafEB_Sga","AuthenticatedIdPs" : "eyJ0eXAiOiJKV1QiLCAiYWxnIjoiSFMyNTYifQ==.eyJpc3MiOiJ3c28yIiwiZXhwIjoxNjczNjE5MDI1MzM5MzAwMCwiaWF0IjoxNjczNjE5MDI1MzM5LCJpZHBzIjpbeyJpZHAiOiJMT0NBTCIsImF1dGhlbnRpY2F0b3IiOiJCYXNpY0F1dGhlbnRpY2F0b3IifV19.YQLN1pa62Ky1czL9CCCcShOPgpQ=" } | Result : Success 
TID: [-1234] [2023-01-13 14:10:26,622]  INFO {AUDIT_LOG} - Initiator=wso2.system.user Action=Get-User-List Target=null Data={"Claim Value":"6ae4a789-a9eb-439c-85f3-f57a7c0f0b87","Users":["admin"],"Claim":"http://wso2.org/claims/userid"} Outcome=Success
TID: [-1234] [2023-01-13 14:10:26,646]  INFO {AUDIT_LOG} - Initiator=wso2.system.user Action=Get-User-Claim-Values Target=admin Data={"Claims":{"http://wso2.org/claims/username":"admin","http://wso2.org/claims/userid":"6ae4a789-a9eb-439c-85f3-f57a7c0f0b87","http://wso2.org/claims/role":"Internal/subscriber,Internal/creator,Application/apim_devportal,Internal/publisher,Internal/everyone,Internal/devops,Application/apim_admin_portal,admin,Internal/analytics,Application/apim_publisher","http://wso2.org/claims/userprincipal":"admin"}} Outcome=Success
TID: [-1234] [2023-01-13 14:10:26,658]  INFO {AUDIT_LOG} - Initiator : admin | Action : Login | Target : ApplicationAuthenticationFramework | Data : { "ContextIdentifier" : "053ff110-9c88-4458-809a-d48edfc98d03","AuthenticatedUser" : "admin","AuthenticatedUserTenantDomain" : "carbon.super","ServiceProviderName" : "apim_publisher","RequestType" : "oidc","RelyingParty" : "mFJ_Q4xBhdN03bANhgefrwCSHc8a","AuthenticatedIdPs" : "eyJ0eXAiOiJKV1QiLCAiYWxnIjoiSFMyNTYifQ==.eyJpc3MiOiJ3c28yIiwiZXhwIjoxNjczNjE5MDI2NjIwMzAwMCwiaWF0IjoxNjczNjE5MDI2NjIwLCJpZHBzIjpbeyJpZHAiOiJMT0NBTCIsImF1dGhlbnRpY2F0b3IiOiJCYXNpY0F1dGhlbnRpY2F0b3IifV19.Xg4xxdo/NW0oIcb+rqFCEgqrxq0=" } | Result : Success 
TID: [-1234] [2023-01-13 14:10:28,305]  INFO {AUDIT_LOG} - Initiator=wso2.system.user Action=Get-User-Claim-Values Target=admin Data={"Claims":{},"Profile":"default"} Outcome=Success
TID: [-1234] [2023-01-13 14:13:16,092]  INFO {AUDIT_LOG} - Initiator=wso2.system.user Action=Get-User-List Target=null Data={"Claim Value":"6ae4a789-a9eb-439c-85f3-f57a7c0f0b87","Users":["admin"],"Claim":"http://wso2.org/claims/userid"} Outcome=Success
TID: [-1234] [2023-01-13 14:13:16,102]  INFO {AUDIT_LOG} - Initiator=wso2.system.user Action=Get-User-Claim-Values Target=admin Data={"Claims":{"http://wso2.org/claims/username":"admin","http://wso2.org/claims/userid":"6ae4a789-a9eb-439c-85f3-f57a7c0f0b87","http://wso2.org/claims/role":"Internal/subscriber,Internal/creator,Application/apim_devportal,Internal/publisher,Internal/everyone,Internal/devops,Application/apim_admin_portal,admin,Internal/analytics,Application/apim_publisher","http://wso2.org/claims/userprincipal":"admin"}} Outcome=Success
TID: [-1234] [2023-01-13 14:13:16,106]  INFO {AUDIT_LOG} - Initiator : admin | Action : Login | Target : ApplicationAuthenticationFramework | Data : { "ContextIdentifier" : "85dbba5a-1640-4909-bb9c-f7e6155473fe","AuthenticatedUser" : "admin","AuthenticatedUserTenantDomain" : "carbon.super","ServiceProviderName" : "apim_admin_portal","RequestType" : "oidc","RelyingParty" : "uYrE5c_roeygAFqgJ7hpPly76d0a","AuthenticatedIdPs" : "eyJ0eXAiOiJKV1QiLCAiYWxnIjoiSFMyNTYifQ==.eyJpc3MiOiJ3c28yIiwiZXhwIjoxNjczNjE5MTk2MDkwMzAwMCwiaWF0IjoxNjczNjE5MTk2MDkwLCJpZHBzIjpbeyJpZHAiOiJMT0NBTCIsImF1dGhlbnRpY2F0b3IiOiJCYXNpY0F1dGhlbnRpY2F0b3IifV19.tcA6nx95pUGKzPv2vpPAdssOt5w=" } | Result : Success 
TID: [-1234] [2023-01-13 14:13:17,064]  INFO {AUDIT_LOG} - Initiator=wso2.system.user Action=Get-User-Claim-Values Target=admin Data={"Claims":{},"Profile":"default"} Outcome=Success
TID: [-1234] [2023-01-13 14:13:18,597]  INFO {AUDIT_LOG} - Initiator=wso2.system.user Action=Get-User-List Target=null Data={"Claim Value":"6ae4a789-a9eb-439c-85f3-f57a7c0f0b87","Users":["admin"],"Claim":"http://wso2.org/claims/userid"} Outcome=Success
TID: [-1234] [2023-01-13 14:13:18,598]  INFO {AUDIT_LOG} - Initiator=wso2.system.user Action=Get-User-Claim-Values Target=admin Data={"Claims":{"http://wso2.org/claims/username":"admin","http://wso2.org/claims/userid":"6ae4a789-a9eb-439c-85f3-f57a7c0f0b87","http://wso2.org/claims/role":"Internal/subscriber,Internal/creator,Application/apim_devportal,Internal/publisher,Internal/everyone,Internal/devops,Application/apim_admin_portal,admin,Internal/analytics,Application/apim_publisher","http://wso2.org/claims/userprincipal":"admin"}} Outcome=Success
TID: [-1234] [2023-01-13 14:13:18,606]  INFO {AUDIT_LOG} - Initiator : admin | Action : Login | Target : ApplicationAuthenticationFramework | Data : { "ContextIdentifier" : "2b56fccd-d319-4020-9ca3-e5290598b481","AuthenticatedUser" : "admin","AuthenticatedUserTenantDomain" : "carbon.super","ServiceProviderName" : "apim_publisher","RequestType" : "oidc","RelyingParty" : "mFJ_Q4xBhdN03bANhgefrwCSHc8a","AuthenticatedIdPs" : "eyJ0eXAiOiJKV1QiLCAiYWxnIjoiSFMyNTYifQ==.eyJpc3MiOiJ3c28yIiwiZXhwIjoxNjczNjE5MTk4NTk1MzAwMCwiaWF0IjoxNjczNjE5MTk4NTk1LCJpZHBzIjpbeyJpZHAiOiJMT0NBTCIsImF1dGhlbnRpY2F0b3IiOiJCYXNpY0F1dGhlbnRpY2F0b3IifV19.nEZ8KiF1iyGcyRIYgDv5kxNuKnk=" } | Result : Success 
TID: [-1234] [2023-01-13 14:43:51,392]  INFO {AUDIT_LOG} - Initiator=admin@carbon.super Action=Get-Roles-of-User Target=admin Data={"Filter":"*","Roles":["Internal/subscriber","Internal/creator","Application/apim_devportal","Internal/publisher","Internal/everyone","Internal/devops","Application/apim_admin_portal","admin","Internal/analytics","Application/apim_publisher"]} Outcome=Success
TID: [-1234] [2023-01-13 14:51:55,853]  INFO {AUDIT_LOG} - Initiator=admin@carbon.super Action=Get-Roles-of-User Target=admin Data={"Filter":"*","Roles":["Internal/subscriber","Internal/creator","Application/apim_devportal","Internal/publisher","Internal/everyone","Internal/devops","Application/apim_admin_portal","admin","Internal/analytics","Application/apim_publisher"]} Outcome=Success
TID: [-1234] [2023-01-13 16:48:29,743]  INFO {AUDIT_LOG} - Initiator=wso2.system.user Action=Get-User-Claim-Values Target=admin Data={"Claims":{},"Profile":"default"} Outcome=Success
TID: [-1234] [2023-01-13 16:48:29,829]  INFO {AUDIT_LOG} - Initiator=wso2.system.user Action=Get-User-Claim-Values Target=admin Data={"Claims":{},"Profile":"default"} Outcome=Success
TID: [-1234] [2023-01-13 16:48:29,905]  INFO {AUDIT_LOG} - Initiator=wso2.system.user Action=Get-User-Claim-Values Target=admin Data={"Claims":{},"Profile":"default"} Outcome=Success
TID: [-1234] [2023-01-13 16:48:29,914]  INFO {AUDIT_LOG} - Initiator=wso2.system.user Action=Get-User-Claim-Values Target=admin Data={"Claims":{},"Profile":"default"} Outcome=Success
TID: [-1234] [2023-01-13 16:48:29,959]  INFO {AUDIT_LOG} - Initiator=wso2.system.user Action=Get-User-Claim-Values Target=admin Data={"Claims":{},"Profile":"default"} Outcome=Success
TID: [-1234] [2023-01-13 16:48:29,963]  INFO {AUDIT_LOG} - Initiator=wso2.system.user Action=Get-User-Claim-Values Target=admin Data={"Claims":{},"Profile":"default"} Outcome=Success
TID: [-1234] [2023-01-13 16:48:29,968]  INFO {AUDIT_LOG} - Initiator=wso2.system.user Action=Get-User-Claim-Values Target=admin Data={"Claims":{},"Profile":"default"} Outcome=Success
TID: [-1234] [2023-01-13 16:48:29,978]  INFO {AUDIT_LOG} - Initiator=wso2.system.user Action=Get-User-Claim-Values Target=admin Data={"Claims":{},"Profile":"default"} Outcome=Success
